<?xml version="1.0" encoding="UTF-8"?>
<coverage generated="1759349002859" clover="3.2.0">
  <project timestamp="1759349002860" name="All files">
    <metrics statements="27" coveredstatements="26" conditionals="11" coveredconditionals="10" methods="9" coveredmethods="9" elements="47" coveredelements="45" complexity="0" loc="27" ncloc="27" packages="1" files="7" classes="7"/>
    <file name="Bowman.js" path="C:\Users\dimon\OneDrive\Рабочий стол\Python projects\JS углубленный\Classes, inheritance\src\Bowman.js">
      <metrics statements="1" coveredstatements="1" conditionals="0" coveredconditionals="0" methods="1" coveredmethods="1"/>
      <line num="5" count="1" type="stmt"/>
    </file>
    <file name="Character.js" path="C:\Users\dimon\OneDrive\Рабочий стол\Python projects\JS углубленный\Classes, inheritance\src\Character.js">
      <metrics statements="21" coveredstatements="20" conditionals="11" coveredconditionals="10" methods="3" coveredmethods="3"/>
      <line num="3" count="14" type="cond" truecount="5" falsecount="0"/>
      <line num="4" count="2" type="stmt"/>
      <line num="7" count="12" type="stmt"/>
      <line num="8" count="12" type="cond" truecount="2" falsecount="0"/>
      <line num="9" count="1" type="stmt"/>
      <line num="12" count="11" type="stmt"/>
      <line num="13" count="11" type="stmt"/>
      <line num="14" count="11" type="stmt"/>
      <line num="15" count="11" type="stmt"/>
      <line num="16" count="11" type="stmt"/>
      <line num="17" count="11" type="stmt"/>
      <line num="21" count="2" type="cond" truecount="2" falsecount="0"/>
      <line num="22" count="1" type="stmt"/>
      <line num="25" count="1" type="stmt"/>
      <line num="26" count="1" type="stmt"/>
      <line num="27" count="1" type="stmt"/>
      <line num="28" count="1" type="stmt"/>
      <line num="32" count="2" type="cond" truecount="1" falsecount="1"/>
      <line num="33" count="0" type="stmt"/>
      <line num="36" count="2" type="stmt"/>
      <line num="37" count="2" type="stmt"/>
    </file>
    <file name="Daemon.js" path="C:\Users\dimon\OneDrive\Рабочий стол\Python projects\JS углубленный\Classes, inheritance\src\Daemon.js">
      <metrics statements="1" coveredstatements="1" conditionals="0" coveredconditionals="0" methods="1" coveredmethods="1"/>
      <line num="5" count="1" type="stmt"/>
    </file>
    <file name="Magician.js" path="C:\Users\dimon\OneDrive\Рабочий стол\Python projects\JS углубленный\Classes, inheritance\src\Magician.js">
      <metrics statements="1" coveredstatements="1" conditionals="0" coveredconditionals="0" methods="1" coveredmethods="1"/>
      <line num="5" count="1" type="stmt"/>
    </file>
    <file name="Swordsman.js" path="C:\Users\dimon\OneDrive\Рабочий стол\Python projects\JS углубленный\Classes, inheritance\src\Swordsman.js">
      <metrics statements="1" coveredstatements="1" conditionals="0" coveredconditionals="0" methods="1" coveredmethods="1"/>
      <line num="5" count="1" type="stmt"/>
    </file>
    <file name="Undead.js" path="C:\Users\dimon\OneDrive\Рабочий стол\Python projects\JS углубленный\Classes, inheritance\src\Undead.js">
      <metrics statements="1" coveredstatements="1" conditionals="0" coveredconditionals="0" methods="1" coveredmethods="1"/>
      <line num="5" count="1" type="stmt"/>
    </file>
    <file name="Zombie.js" path="C:\Users\dimon\OneDrive\Рабочий стол\Python projects\JS углубленный\Classes, inheritance\src\Zombie.js">
      <metrics statements="1" coveredstatements="1" conditionals="0" coveredconditionals="0" methods="1" coveredmethods="1"/>
      <line num="5" count="1" type="stmt"/>
    </file>
  </project>
</coverage>
