<?xml version="1.0" encoding="UTF-8"?>
<coverage generated="1758464289073" clover="3.2.0">
  <project timestamp="1758464289073" name="All files">
    <metrics statements="36" coveredstatements="35" conditionals="17" coveredconditionals="16" methods="9" coveredmethods="9" elements="62" coveredelements="60" complexity="0" loc="36" ncloc="36" packages="1" files="1" classes="1"/>
    <file name="Character.js" path="C:\Users\dimon\OneDrive\Рабочий стол\Python projects\JS углубленный\Classes, inheritance\src\Character.js">
      <metrics statements="36" coveredstatements="35" conditionals="17" coveredconditionals="16" methods="9" coveredmethods="9"/>
      <line num="3" count="16" type="cond" truecount="5" falsecount="0"/>
      <line num="4" count="2" type="stmt"/>
      <line num="7" count="14" type="stmt"/>
      <line num="8" count="14" type="cond" truecount="2" falsecount="0"/>
      <line num="9" count="1" type="stmt"/>
      <line num="12" count="13" type="stmt"/>
      <line num="13" count="13" type="stmt"/>
      <line num="14" count="13" type="stmt"/>
      <line num="15" count="13" type="stmt"/>
      <line num="17" count="13" type="cond" truecount="6" falsecount="0"/>
      <line num="20" count="7" type="stmt"/>
      <line num="21" count="7" type="stmt"/>
      <line num="22" count="7" type="stmt"/>
      <line num="25" count="3" type="stmt"/>
      <line num="26" count="3" type="stmt"/>
      <line num="27" count="3" type="stmt"/>
      <line num="30" count="3" type="stmt"/>
      <line num="31" count="3" type="stmt"/>
      <line num="32" count="3" type="stmt"/>
      <line num="37" count="2" type="cond" truecount="2" falsecount="0"/>
      <line num="38" count="1" type="stmt"/>
      <line num="41" count="1" type="stmt"/>
      <line num="42" count="1" type="stmt"/>
      <line num="43" count="1" type="stmt"/>
      <line num="44" count="1" type="stmt"/>
      <line num="48" count="4" type="cond" truecount="1" falsecount="1"/>
      <line num="49" count="0" type="stmt"/>
      <line num="52" count="4" type="stmt"/>
      <line num="53" count="4" type="stmt"/>
      <line num="59" count="1" type="stmt"/>
      <line num="65" count="2" type="stmt"/>
      <line num="71" count="2" type="stmt"/>
      <line num="77" count="1" type="stmt"/>
      <line num="83" count="1" type="stmt"/>
      <line num="89" count="1" type="stmt"/>
      <line num="93" count="1" type="stmt"/>
    </file>
  </project>
</coverage>
