{"C:\\Users\\dimon\\OneDrive\\Рабочий стол\\Python projects\\JS углубленный\\Classes, inheritance\\src\\Bowman.js": {"path":"C:\\Users\\dimon\\OneDrive\\Рабочий стол\\Python projects\\JS углубленный\\Classes, inheritance\\src\\Bowman.js","statementMap":{"0":{"start":{"line":5,"column":4},"end":{"line":5,"column":34}}},"fnMap":{"0":{"name":"(anonymous_0)","decl":{"start":{"line":4,"column":2},"end":{"line":4,"column":3}},"loc":{"start":{"line":4,"column":20},"end":{"line":6,"column":3}},"line":4}},"branchMap":{},"s":{"0":1},"f":{"0":1},"b":{},"_coverageSchema":"1a1c01bbd47fc00a2c39e90264f33305004495a9","hash":"e46e77e225ebf0bb9f2e009130c2815fd9e50f46"}
,"C:\\Users\\dimon\\OneDrive\\Рабочий стол\\Python projects\\JS углубленный\\Classes, inheritance\\src\\Character.js": {"path":"C:\\Users\\dimon\\OneDrive\\Рабочий стол\\Python projects\\JS углубленный\\Classes, inheritance\\src\\Character.js","statementMap":{"0":{"start":{"line":3,"column":4},"end":{"line":5,"column":5}},"1":{"start":{"line":4,"column":6},"end":{"line":4,"column":69}},"2":{"start":{"line":7,"column":23},"end":{"line":7,"column":88}},"3":{"start":{"line":8,"column":4},"end":{"line":10,"column":5}},"4":{"start":{"line":9,"column":6},"end":{"line":9,"column":48}},"5":{"start":{"line":12,"column":4},"end":{"line":12,"column":21}},"6":{"start":{"line":13,"column":4},"end":{"line":13,"column":21}},"7":{"start":{"line":14,"column":4},"end":{"line":14,"column":22}},"8":{"start":{"line":15,"column":4},"end":{"line":15,"column":19}},"9":{"start":{"line":16,"column":4},"end":{"line":16,"column":25}},"10":{"start":{"line":17,"column":4},"end":{"line":17,"column":27}},"11":{"start":{"line":21,"column":4},"end":{"line":23,"column":5}},"12":{"start":{"line":22,"column":6},"end":{"line":22,"column":68}},"13":{"start":{"line":25,"column":4},"end":{"line":25,"column":20}},"14":{"start":{"line":26,"column":4},"end":{"line":26,"column":48}},"15":{"start":{"line":27,"column":4},"end":{"line":27,"column":50}},"16":{"start":{"line":28,"column":4},"end":{"line":28,"column":22}},"17":{"start":{"line":32,"column":4},"end":{"line":34,"column":5}},"18":{"start":{"line":33,"column":6},"end":{"line":33,"column":13}},"19":{"start":{"line":36,"column":24},"end":{"line":36,"column":57}},"20":{"start":{"line":37,"column":4},"end":{"line":37,"column":57}}},"fnMap":{"0":{"name":"(anonymous_0)","decl":{"start":{"line":2,"column":2},"end":{"line":2,"column":3}},"loc":{"start":{"line":2,"column":43},"end":{"line":18,"column":3}},"line":2},"1":{"name":"(anonymous_1)","decl":{"start":{"line":20,"column":2},"end":{"line":20,"column":3}},"loc":{"start":{"line":20,"column":12},"end":{"line":29,"column":3}},"line":20},"2":{"name":"(anonymous_2)","decl":{"start":{"line":31,"column":2},"end":{"line":31,"column":3}},"loc":{"start":{"line":31,"column":17},"end":{"line":38,"column":3}},"line":31}},"branchMap":{"0":{"loc":{"start":{"line":3,"column":4},"end":{"line":5,"column":5}},"type":"if","locations":[{"start":{"line":3,"column":4},"end":{"line":5,"column":5}},{"start":{},"end":{}}],"line":3},"1":{"loc":{"start":{"line":3,"column":8},"end":{"line":3,"column":71}},"type":"binary-expr","locations":[{"start":{"line":3,"column":8},"end":{"line":3,"column":32}},{"start":{"line":3,"column":36},"end":{"line":3,"column":51}},{"start":{"line":3,"column":55},"end":{"line":3,"column":71}}],"line":3},"2":{"loc":{"start":{"line":8,"column":4},"end":{"line":10,"column":5}},"type":"if","locations":[{"start":{"line":8,"column":4},"end":{"line":10,"column":5}},{"start":{},"end":{}}],"line":8},"3":{"loc":{"start":{"line":21,"column":4},"end":{"line":23,"column":5}},"type":"if","locations":[{"start":{"line":21,"column":4},"end":{"line":23,"column":5}},{"start":{},"end":{}}],"line":21},"4":{"loc":{"start":{"line":32,"column":4},"end":{"line":34,"column":5}},"type":"if","locations":[{"start":{"line":32,"column":4},"end":{"line":34,"column":5}},{"start":{},"end":{}}],"line":32}},"s":{"0":14,"1":2,"2":12,"3":12,"4":1,"5":11,"6":11,"7":11,"8":11,"9":11,"10":11,"11":2,"12":1,"13":1,"14":1,"15":1,"16":1,"17":2,"18":0,"19":2,"20":2},"f":{"0":14,"1":2,"2":2},"b":{"0":[2,12],"1":[14,14,13],"2":[1,11],"3":[1,1],"4":[0,2]},"_coverageSchema":"1a1c01bbd47fc00a2c39e90264f33305004495a9","hash":"7e281e9738751e83f7ba9bfabe2889db22e6e367"}
,"C:\\Users\\dimon\\OneDrive\\Рабочий стол\\Python projects\\JS углубленный\\Classes, inheritance\\src\\Daemon.js": {"path":"C:\\Users\\dimon\\OneDrive\\Рабочий стол\\Python projects\\JS углубленный\\Classes, inheritance\\src\\Daemon.js","statementMap":{"0":{"start":{"line":5,"column":4},"end":{"line":5,"column":34}}},"fnMap":{"0":{"name":"(anonymous_0)","decl":{"start":{"line":4,"column":2},"end":{"line":4,"column":3}},"loc":{"start":{"line":4,"column":20},"end":{"line":6,"column":3}},"line":4}},"branchMap":{},"s":{"0":1},"f":{"0":1},"b":{},"_coverageSchema":"1a1c01bbd47fc00a2c39e90264f33305004495a9","hash":"f5b6efe9a2838790598d454c195b5875a74b5ebf"}
,"C:\\Users\\dimon\\OneDrive\\Рабочий стол\\Python projects\\JS углубленный\\Classes, inheritance\\src\\Magician.js": {"path":"C:\\Users\\dimon\\OneDrive\\Рабочий стол\\Python projects\\JS углубленный\\Classes, inheritance\\src\\Magician.js","statementMap":{"0":{"start":{"line":5,"column":4},"end":{"line":5,"column":36}}},"fnMap":{"0":{"name":"(anonymous_0)","decl":{"start":{"line":4,"column":2},"end":{"line":4,"column":3}},"loc":{"start":{"line":4,"column":20},"end":{"line":6,"column":3}},"line":4}},"branchMap":{},"s":{"0":1},"f":{"0":1},"b":{},"_coverageSchema":"1a1c01bbd47fc00a2c39e90264f33305004495a9","hash":"11db2114e2455bdccc8787a0c3e4ab93b771ccaf"}
,"C:\\Users\\dimon\\OneDrive\\Рабочий стол\\Python projects\\JS углубленный\\Classes, inheritance\\src\\Swordsman.js": {"path":"C:\\Users\\dimon\\OneDrive\\Рабочий стол\\Python projects\\JS углубленный\\Classes, inheritance\\src\\Swordsman.js","statementMap":{"0":{"start":{"line":5,"column":4},"end":{"line":5,"column":37}}},"fnMap":{"0":{"name":"(anonymous_0)","decl":{"start":{"line":4,"column":2},"end":{"line":4,"column":3}},"loc":{"start":{"line":4,"column":20},"end":{"line":6,"column":3}},"line":4}},"branchMap":{},"s":{"0":1},"f":{"0":1},"b":{},"_coverageSchema":"1a1c01bbd47fc00a2c39e90264f33305004495a9","hash":"a86c107d486ae71e2fd5e6a6940dafca49967866"}
,"C:\\Users\\dimon\\OneDrive\\Рабочий стол\\Python projects\\JS углубленный\\Classes, inheritance\\src\\Undead.js": {"path":"C:\\Users\\dimon\\OneDrive\\Рабочий стол\\Python projects\\JS углубленный\\Classes, inheritance\\src\\Undead.js","statementMap":{"0":{"start":{"line":5,"column":4},"end":{"line":5,"column":34}}},"fnMap":{"0":{"name":"(anonymous_0)","decl":{"start":{"line":4,"column":2},"end":{"line":4,"column":3}},"loc":{"start":{"line":4,"column":20},"end":{"line":6,"column":3}},"line":4}},"branchMap":{},"s":{"0":1},"f":{"0":1},"b":{},"_coverageSchema":"1a1c01bbd47fc00a2c39e90264f33305004495a9","hash":"02f4f7da6055845af61d7790ecefeae4af44ffae"}
,"C:\\Users\\dimon\\OneDrive\\Рабочий стол\\Python projects\\JS углубленный\\Classes, inheritance\\src\\Zombie.js": {"path":"C:\\Users\\dimon\\OneDrive\\Рабочий стол\\Python projects\\JS углубленный\\Classes, inheritance\\src\\Zombie.js","statementMap":{"0":{"start":{"line":5,"column":4},"end":{"line":5,"column":34}}},"fnMap":{"0":{"name":"(anonymous_0)","decl":{"start":{"line":4,"column":2},"end":{"line":4,"column":3}},"loc":{"start":{"line":4,"column":20},"end":{"line":6,"column":3}},"line":4}},"branchMap":{},"s":{"0":1},"f":{"0":1},"b":{},"_coverageSchema":"1a1c01bbd47fc00a2c39e90264f33305004495a9","hash":"5e3b46edfdcc6d9cf68e0479e18beab6228da88b"}
}
