TN:
SF:src\Character.js
FN:2,(anonymous_0)
FN:36,(anonymous_1)
FN:47,(anonymous_2)
FN:58,(anonymous_3)
FN:64,(anonymous_4)
FN:70,(anonymous_5)
FN:76,(anonymous_6)
FN:82,(anonymous_7)
FN:88,(anonymous_8)
FNF:9
FNH:9
FNDA:16,(anonymous_0)
FNDA:2,(anonymous_1)
FNDA:4,(anonymous_2)
FNDA:1,(anonymous_3)
FNDA:2,(anonymous_4)
FNDA:2,(anonymous_5)
FNDA:1,(anonymous_6)
FNDA:1,(anonymous_7)
FNDA:1,(anonymous_8)
DA:3,16
DA:4,2
DA:7,14
DA:8,14
DA:9,1
DA:12,13
DA:13,13
DA:14,13
DA:15,13
DA:17,13
DA:20,7
DA:21,7
DA:22,7
DA:25,3
DA:26,3
DA:27,3
DA:30,3
DA:31,3
DA:32,3
DA:37,2
DA:38,1
DA:41,1
DA:42,1
DA:43,1
DA:44,1
DA:48,4
DA:49,0
DA:52,4
DA:53,4
DA:59,1
DA:65,2
DA:71,2
DA:77,1
DA:83,1
DA:89,1
DA:93,1
LF:36
LH:35
BRDA:3,0,0,2
BRDA:3,0,1,14
BRDA:3,1,0,16
BRDA:3,1,1,16
BRDA:3,1,2,15
BRDA:8,2,0,1
BRDA:8,2,1,13
BRDA:17,3,0,6
BRDA:17,3,1,7
BRDA:17,3,2,2
BRDA:17,3,3,3
BRDA:17,3,4,2
BRDA:17,3,5,3
BRDA:37,4,0,1
BRDA:37,4,1,1
BRDA:48,5,0,0
BRDA:48,5,1,4
BRF:17
BRH:16
end_of_record
